#
# A fatal error has been detected by the Java Runtime Environment:
#
#  SIGSEGV (0xb) at pc=0x000000010f7a37dc, pid=4578, tid=0x0000000000004b03
#
# JRE version: Java(TM) SE Runtime Environment (8.0_121-b13) (build 1.8.0_121-b13)
# Java VM: Java HotSpot(TM) 64-Bit Server VM (25.121-b13 mixed mode bsd-amd64 compressed oops)
# Problematic frame:
# V  [libjvm.dylib+0x3a37dc]  VM_RedefineClasses::compare_and_normalize_class_versions(instanceKlassHandle, instanceKlassHandle)+0x5f2
#
# Failed to write core dump. Core dumps have been disabled. To enable core dumping, try "ulimit -c unlimited" before starting Java again
#
# If you would like to submit a bug report, please visit:
#   http://bugreport.java.com/bugreport/crash.jsp
#

---------------  T H R E A D  ---------------

Current thread (0x00007f99ea83c800):  JavaThread "JDWP Transport Listener: dt_socket" daemon [_thread_in_vm, id=19203, stack(0x000070000c520000,0x000070000c620000)]

siginfo: si_signo: 11 (SIGSEGV), si_code: 1 (SEGV_MAPERR), si_addr: 0x0000000000000022

Registers:
RAX=0x000000012ea87c38, RBX=0x000000012ea86e78, RCX=0x00007f99eb476c80, RDX=0x000000012ea856a0
RSP=0x000070000c61f2d0, RBP=0x000070000c61f440, RSI=0x0000000000000000, RDI=0x00007f99eb476ae0
R8 =0x000000012eb5db58, R9 =0x0000000000000005, R10=0x0000000000000001, R11=0x0000000000000001
R12=0x000000012ea8b748, R13=0x000000012ea87878, R14=0x000000000000000a, R15=0x000000012ea8b648
RIP=0x000000010f7a37dc, EFLAGS=0x0000000000010297, ERR=0x0000000000000004
  TRAPNO=0x000000000000000e

Top of Stack: (sp=0x000070000c61f2d0)
0x000070000c61f2d0:   0000000000000000 000000012ea8b600
0x000070000c61f2e0:   0000fffe00340100 00087f990000ffff
0x000070000c61f2f0:   00007f99ea83c800 00000007c04f8a18
0x000070000c61f300:   00000007c0511f68 0000000a0000000a
0x000070000c61f310:   0000000000000009 0000000100000009
0x000070000c61f320:   00007f9900000104 00000007c0000f28
0x000070000c61f330:   0000000000000000 0000000000000000
0x000070000c61f340:   0000000000000000 0000000000000000
0x000070000c61f350:   0000000000000000 0000000000000000
0x000070000c61f360:   0000000000000000 0000000000000000
0x000070000c61f370:   0000000000000000 0000000000000000
0x000070000c61f380:   0000000000000000 0000000000000000
0x000070000c61f390:   29d1310002c200ff 000000012eb60a98
0x000070000c61f3a0:   000000012ea856a0 00007f99ea83c800
0x000070000c61f3b0:   0000000100000001 0000000000000006
0x000070000c61f3c0:   000000012ebe2188 0000000000000000
0x000070000c61f3d0:   0000000000000000 000000012e9e5ce0
0x000070000c61f3e0:   000000012eb5db58 00007f99ea83c800
0x000070000c61f3f0:   0000000100000001 0000000100000006
0x000070000c61f400:   00007f99ea83c800 0000000000000000
0x000070000c61f410:   0000000000000000 00007f99ea83c800
0x000070000c61f420:   0000000000000003 00000006c1361dc0
0x000070000c61f430:   000070000c61f960 00007f99e9c18100
0x000070000c61f440:   000070000c61f6a0 000000010f7a7ed3
0x000070000c61f450:   00007f99ea83c800 00007f99eb475f50
0x000070000c61f460:   0000000000000009 0000000000000003
0x000070000c61f470:   0000000000000000 0000000000000000
0x000070000c61f480:   8000000000000000 0000000000004007
0x000070000c61f490:   ed0880cc9cd90066 ed0880cc9cd90066
0x000070000c61f4a0:   00007fffabefc6b8 000000011040bab0
0x000070000c61f4b0:   3631ffffffffffff 3431343233323538
0x000070000c61f4c0:   000070000c61f5b0 00007fffa30a4423 

Instructions: (pc=0x000000010f7a37dc)
0x000000010f7a37bc:   4d 8b 2f 7d 36 4e 8b 64 e3 08 49 8b 44 24 08 0f
0x000000010f7a37cc:   b7 48 22 48 8b 50 08 48 8b 4c ca 50 49 8b 75 08
0x000000010f7a37dc:   0f b7 7e 22 4c 8b 46 08 49 8b 7c f8 50 48 39 cf
0x000000010f7a37ec:   74 17 48 39 cf 0f 87 02 fe ff ff 41 8b 45 20 a8 

Register to memory mapping:

RAX=0x000000012ea87c38 is pointing into metadata
RBX=0x000000012ea86e78 is pointing into metadata
RCX=0x00007f99eb476c80 is an unknown value
RDX=0x000000012ea856a0 is pointing into metadata
RSP=0x000070000c61f2d0 is pointing into the stack for thread: 0x00007f99ea83c800
RBP=0x000070000c61f440 is pointing into the stack for thread: 0x00007f99ea83c800
RSI=0x0000000000000000 is an unknown value
RDI=0x00007f99eb476ae0 is an unknown value
R8 =0x000000012eb5db58 is pointing into metadata
R9 =0x0000000000000005 is an unknown value
R10=0x0000000000000001 is an unknown value
R11=0x0000000000000001 is an unknown value
R12={method} {0x000000012ea8b748} 'getFail' '()Lorg/springframework/http/HttpEntity;' in 'at/ac/uibk/controller/ArtistController'
R13=0x000000012ea87878 is pointing into metadata
R14=0x000000000000000a is an unknown value
R15=0x000000012ea8b648 is pointing into metadata


Stack: [0x000070000c520000,0x000070000c620000],  sp=0x000070000c61f2d0,  free space=1020k
Native frames: (J=compiled Java code, j=interpreted, Vv=VM code, C=native code)
V  [libjvm.dylib+0x3a37dc]  VM_RedefineClasses::compare_and_normalize_class_versions(instanceKlassHandle, instanceKlassHandle)+0x5f2
V  [libjvm.dylib+0x3a7ed3]  VM_RedefineClasses::load_new_class_versions(Thread*)+0x7d9
V  [libjvm.dylib+0x39c51f]  VM_RedefineClasses::doit_prologue()+0x9d
V  [libjvm.dylib+0x5b7347]  VMThread::execute(VM_Operation*)+0x4f
V  [libjvm.dylib+0x389d20]  JvmtiEnv::RedefineClasses(int, _jvmtiClassDefinition const*)+0x28
V  [libjvm.dylib+0x357e88]  jvmti_RedefineClasses+0xc9
C  [libjdwp.dylib+0x9747]  redefineClasses+0x1b7
C  [libjdwp.dylib+0xe780]  debugLoop_run+0x1ce
C  [libjdwp.dylib+0x1f606]  attachThread+0x4d
V  [libjvm.dylib+0x39a318]  JvmtiAgentThread::call_start_function()+0x38
V  [libjvm.dylib+0x56ab0f]  JavaThread::thread_main_inner()+0x9b
V  [libjvm.dylib+0x56c1fc]  JavaThread::run()+0x1c2
V  [libjvm.dylib+0x48a5b2]  java_start(Thread*)+0xf6
C  [libsystem_pthread.dylib+0x393b]  _pthread_body+0xb4
C  [libsystem_pthread.dylib+0x3887]  _pthread_body+0x0
C  [libsystem_pthread.dylib+0x308d]  thread_start+0xd
C  0x0000000000000000


---------------  P R O C E S S  ---------------

Java Threads: ( => current thread )
  0x00007f99ea9bf800 JavaThread "http-nio-8080-AsyncTimeout" daemon [_thread_blocked, id=31023, stack(0x000070000e683000,0x000070000e783000)]
  0x00007f99ea9bf000 JavaThread "http-nio-8080-Acceptor-0" daemon [_thread_in_native, id=32807, stack(0x000070000e580000,0x000070000e680000)]
  0x00007f99ea54e800 JavaThread "http-nio-8080-ClientPoller-1" daemon [_thread_in_native, id=5423, stack(0x000070000e47d000,0x000070000e57d000)]
  0x00007f99eb802000 JavaThread "http-nio-8080-ClientPoller-0" daemon [_thread_in_native, id=31539, stack(0x000070000e37a000,0x000070000e47a000)]
  0x00007f99edaac000 JavaThread "http-nio-8080-exec-10" daemon [_thread_blocked, id=26411, stack(0x000070000e277000,0x000070000e377000)]
  0x00007f99ec852800 JavaThread "http-nio-8080-exec-9" daemon [_thread_blocked, id=35119, stack(0x000070000e174000,0x000070000e274000)]
  0x00007f99ec851800 JavaThread "http-nio-8080-exec-8" daemon [_thread_blocked, id=33575, stack(0x000070000e071000,0x000070000e171000)]
  0x00007f99ea54b800 JavaThread "http-nio-8080-exec-7" daemon [_thread_blocked, id=29991, stack(0x000070000df6e000,0x000070000e06e000)]
  0x00007f99ea9be000 JavaThread "http-nio-8080-exec-6" daemon [_thread_blocked, id=34087, stack(0x000070000de6b000,0x000070000df6b000)]
  0x00007f99ec023800 JavaThread "http-nio-8080-exec-5" daemon [_thread_blocked, id=35375, stack(0x000070000dd68000,0x000070000de68000)]
  0x00007f99ea9bc800 JavaThread "http-nio-8080-exec-4" daemon [_thread_blocked, id=25895, stack(0x000070000dc65000,0x000070000dd65000)]
  0x00007f99ec022800 JavaThread "http-nio-8080-exec-3" daemon [_thread_blocked, id=26151, stack(0x000070000db62000,0x000070000dc62000)]
  0x00007f99edaab000 JavaThread "http-nio-8080-exec-2" daemon [_thread_blocked, id=34343, stack(0x000070000da5f000,0x000070000db5f000)]
  0x00007f99ed93c800 JavaThread "http-nio-8080-exec-1" daemon [_thread_blocked, id=33831, stack(0x000070000d95c000,0x000070000da5c000)]
  0x00007f99ed9a3800 JavaThread "NioBlockingSelector.BlockPoller-10" daemon [_thread_in_native, id=25647, stack(0x000070000d756000,0x000070000d856000)]
  0x00007f99ed9a2000 JavaThread "File Watcher" daemon [_thread_blocked, id=29735, stack(0x000070000d653000,0x000070000d753000)]
  0x00007f99ed01b000 JavaThread "container-0" [_thread_blocked, id=26919, stack(0x000070000d550000,0x000070000d650000)]
  0x00007f99ead25000 JavaThread "ContainerBackgroundProcessor[StandardEngine[Tomcat]]" daemon [_thread_blocked, id=28979, stack(0x000070000d44d000,0x000070000d54d000)]
  0x00007f99ea80d000 JavaThread "DestroyJavaVM" [_thread_blocked, id=7171, stack(0x000070000b7f9000,0x000070000b8f9000)]
  0x00007f99ee87a800 JavaThread "Live Reload Server" daemon [_thread_in_native, id=27911, stack(0x000070000d859000,0x000070000d959000)]
  0x00007f99ea447800 JavaThread "RMI TCP Accept-0" daemon [_thread_in_native, id=24323, stack(0x000070000cf3e000,0x000070000d03e000)]
  0x00007f99ea43a800 JavaThread "RMI TCP Accept-59569" daemon [_thread_in_native, id=23811, stack(0x000070000ce3b000,0x000070000cf3b000)]
  0x00007f99ed822800 JavaThread "RMI TCP Accept-0" daemon [_thread_in_native, id=23299, stack(0x000070000cd38000,0x000070000ce38000)]
  0x00007f99ea88d800 JavaThread "Service Thread" daemon [_thread_blocked, id=22787, stack(0x000070000cc35000,0x000070000cd35000)]
  0x00007f99ed812000 JavaThread "C1 CompilerThread3" daemon [_thread_blocked, id=22275, stack(0x000070000cb32000,0x000070000cc32000)]
  0x00007f99ed811800 JavaThread "C2 CompilerThread2" daemon [_thread_blocked, id=21763, stack(0x000070000ca2f000,0x000070000cb2f000)]
  0x00007f99ed810800 JavaThread "C2 CompilerThread1" daemon [_thread_blocked, id=21251, stack(0x000070000c92c000,0x000070000ca2c000)]
  0x00007f99ed80f000 JavaThread "C2 CompilerThread0" daemon [_thread_blocked, id=20739, stack(0x000070000c829000,0x000070000c929000)]
  0x00007f99ed00b800 JavaThread "JDWP Command Reader" daemon [_thread_in_native, id=20227, stack(0x000070000c726000,0x000070000c826000)]
  0x00007f99ea83d800 JavaThread "JDWP Event Helper Thread" daemon [_thread_blocked, id=19715, stack(0x000070000c623000,0x000070000c723000)]
=>0x00007f99ea83c800 JavaThread "JDWP Transport Listener: dt_socket" daemon [_thread_in_vm, id=19203, stack(0x000070000c520000,0x000070000c620000)]
  0x00007f99ed009800 JavaThread "Signal Dispatcher" daemon [_thread_blocked, id=18691, stack(0x000070000c41d000,0x000070000c51d000)]
  0x00007f99ed005000 JavaThread "Finalizer" daemon [_thread_blocked, id=14595, stack(0x000070000c31a000,0x000070000c41a000)]
  0x00007f99ed002000 JavaThread "Reference Handler" daemon [_thread_blocked, id=14083, stack(0x000070000c217000,0x000070000c317000)]

Other Threads:
  0x00007f99ea822000 VMThread [stack: 0x000070000c114000,0x000070000c214000] [id=13571]
  0x00007f99ea91c000 WatcherThread [stack: 0x000070000d041000,0x000070000d141000] [id=24835]

VM state:not at safepoint (normal execution)

VM Mutex/Monitor currently owned by a thread: None

Heap:
 PSYoungGen      total 316928K, used 203630K [0x000000076ab00000, 0x000000077f180000, 0x00000007c0000000)
  eden space 309760K, 65% used [0x000000076ab00000,0x00000007771db908,0x000000077d980000)
  from space 7168K, 0% used [0x000000077d980000,0x000000077d980000,0x000000077e080000)
  to   space 12288K, 0% used [0x000000077e580000,0x000000077e580000,0x000000077f180000)
 ParOldGen       total 128000K, used 27240K [0x00000006c0000000, 0x00000006c7d00000, 0x000000076ab00000)
  object space 128000K, 21% used [0x00000006c0000000,0x00000006c1a9a028,0x00000006c7d00000)
 Metaspace       used 37522K, capacity 40022K, committed 40192K, reserved 1083392K
  class space    used 4994K, capacity 5559K, committed 5632K, reserved 1048576K

Card table byte_map: [0x000000011fceb000,0x00000001204ec000] byte_map_base: 0x000000011c6eb000

Marking Bits: (ParMarkBitMap*) 0x000000010fcf0d30
 Begin Bits: [0x0000000120a42000, 0x0000000124a42000)
 End Bits:   [0x0000000124a42000, 0x0000000128a42000)

Polling page: 0x000000010e3fc000

CodeCache: size=245760Kb used=14180Kb max_used=14180Kb free=231579Kb
 bounds [0x0000000110ceb000, 0x0000000111acb000, 0x000000011fceb000]
 total_blobs=7441 nmethods=7011 adapters=351
 compilation: enabled

Compilation events (10 events):
Event: 1177.511 Thread 0x00007f99ed812000 7101   !   1       java.lang.ThreadGroup::add (110 bytes)
Event: 1177.511 Thread 0x00007f99ed812000 nmethod 7101 0x0000000111ac3e10 code [0x0000000111ac3fc0, 0x0000000111ac4538]
Event: 1177.511 Thread 0x00007f99ed812000 7102       1       java.lang.Thread::setContextClassLoader (27 bytes)
Event: 1177.512 Thread 0x00007f99ed812000 nmethod 7102 0x0000000111ac49d0 code [0x0000000111ac4b40, 0x0000000111ac4d98]
Event: 1177.512 Thread 0x00007f99ed812000 7103  s!   1       java.lang.Thread::start (71 bytes)
Event: 1177.512 Thread 0x00007f99ed812000 nmethod 7103 0x0000000111ac4ed0 code [0x0000000111ac5080, 0x0000000111ac5618]
Event: 1177.514 Thread 0x00007f99ed812000 7104       1       org.springframework.util.ConcurrentReferenceHashMap$EntryIterator::getNextIfNecessary (36 bytes)
Event: 1177.514 Thread 0x00007f99ed812000 nmethod 7104 0x0000000111ac5990 code [0x0000000111ac5b00, 0x0000000111ac5d48]
Event: 1177.514 Thread 0x00007f99ed812000 7105       1       org.springframework.util.ConcurrentReferenceHashMap$Entry::access$000 (5 bytes)
Event: 1177.514 Thread 0x00007f99ed812000 nmethod 7105 0x0000000111ac5ed0 code [0x0000000111ac6020, 0x0000000111ac6110]

GC Heap History (10 events):
Event: 1136.524 GC heap before
{Heap before GC invocations=28 (full 9):
 PSYoungGen      total 270336K, used 257536K [0x000000076ab00000, 0x000000077c080000, 0x00000007c0000000)
  eden space 257536K, 100% used [0x000000076ab00000,0x000000077a680000,0x000000077a680000)
  from space 12800K, 0% used [0x000000077b400000,0x000000077b400000,0x000000077c080000)
  to   space 13312K, 0% used [0x000000077a680000,0x000000077a680000,0x000000077b380000)
 ParOldGen       total 128000K, used 26771K [0x00000006c0000000, 0x00000006c7d00000, 0x000000076ab00000)
  object space 128000K, 20% used [0x00000006c0000000,0x00000006c1a24fd8,0x00000006c7d00000)
 Metaspace       used 36990K, capacity 39380K, committed 39552K, reserved 1083392K
  class space    used 4945K, capacity 5477K, committed 5504K, reserved 1048576K
Event: 1136.529 GC heap after
Heap after GC invocations=28 (full 9):
 PSYoungGen      total 270848K, used 6832K [0x000000076ab00000, 0x000000077f280000, 0x00000007c0000000)
  eden space 257536K, 0% used [0x000000076ab00000,0x000000076ab00000,0x000000077a680000)
  from space 13312K, 51% used [0x000000077a680000,0x000000077ad2c030,0x000000077b380000)
  to   space 12800K, 0% used [0x000000077e600000,0x000000077e600000,0x000000077f280000)
 ParOldGen       total 128000K, used 26779K [0x00000006c0000000, 0x00000006c7d00000, 0x000000076ab00000)
  object space 128000K, 20% used [0x00000006c0000000,0x00000006c1a26fd8,0x00000006c7d00000)
 Metaspace       used 36990K, capacity 39380K, committed 39552K, reserved 1083392K
  class space    used 4945K, capacity 5477K, committed 5504K, reserved 1048576K
}
Event: 1136.539 GC heap before
{Heap before GC invocations=29 (full 9):
 PSYoungGen      total 270848K, used 17216K [0x000000076ab00000, 0x000000077f280000, 0x00000007c0000000)
  eden space 257536K, 4% used [0x000000076ab00000,0x000000076b5242f0,0x000000077a680000)
  from space 13312K, 51% used [0x000000077a680000,0x000000077ad2c030,0x000000077b380000)
  to   space 12800K, 0% used [0x000000077e600000,0x000000077e600000,0x000000077f280000)
 ParOldGen       total 128000K, used 26779K [0x00000006c0000000, 0x00000006c7d00000, 0x000000076ab00000)
  object space 128000K, 20% used [0x00000006c0000000,0x00000006c1a26fd8,0x00000006c7d00000)
 Metaspace       used 36990K, capacity 39380K, committed 39552K, reserved 1083392K
  class space    used 4945K, capacity 5477K, committed 5504K, reserved 1048576K
Event: 1136.541 GC heap after
Heap after GC invocations=29 (full 9):
 PSYoungGen      total 322560K, used 3452K [0x000000076ab00000, 0x000000077f280000, 0x00000007c0000000)
  eden space 309760K, 0% used [0x000000076ab00000,0x000000076ab00000,0x000000077d980000)
  from space 12800K, 26% used [0x000000077e600000,0x000000077e95f188,0x000000077f280000)
  to   space 12800K, 0% used [0x000000077d980000,0x000000077d980000,0x000000077e600000)
 ParOldGen       total 128000K, used 26779K [0x00000006c0000000, 0x00000006c7d00000, 0x000000076ab00000)
  object space 128000K, 20% used [0x00000006c0000000,0x00000006c1a26fd8,0x00000006c7d00000)
 Metaspace       used 36990K, capacity 39380K, committed 39552K, reserved 1083392K
  class space    used 4945K, capacity 5477K, committed 5504K, reserved 1048576K
}
Event: 1136.541 GC heap before
{Heap before GC invocations=30 (full 10):
 PSYoungGen      total 322560K, used 3452K [0x000000076ab00000, 0x000000077f280000, 0x00000007c0000000)
  eden space 309760K, 0% used [0x000000076ab00000,0x000000076ab00000,0x000000077d980000)
  from space 12800K, 26% used [0x000000077e600000,0x000000077e95f188,0x000000077f280000)
  to   space 12800K, 0% used [0x000000077d980000,0x000000077d980000,0x000000077e600000)
 ParOldGen       total 128000K, used 26779K [0x00000006c0000000, 0x00000006c7d00000, 0x000000076ab00000)
  object space 128000K, 20% used [0x00000006c0000000,0x00000006c1a26fd8,0x00000006c7d00000)
 Metaspace       used 36990K, capacity 39380K, committed 39552K, reserved 1083392K
  class space    used 4945K, capacity 5477K, committed 5504K, reserved 1048576K
Event: 1136.651 GC heap after
Heap after GC invocations=30 (full 10):
 PSYoungGen      total 322560K, used 0K [0x000000076ab00000, 0x000000077f280000, 0x00000007c0000000)
  eden space 309760K, 0% used [0x000000076ab00000,0x000000076ab00000,0x000000077d980000)
  from space 12800K, 0% used [0x000000077e600000,0x000000077e600000,0x000000077f280000)
  to   space 12800K, 0% used [0x000000077d980000,0x000000077d980000,0x000000077e600000)
 ParOldGen       total 128000K, used 23854K [0x00000006c0000000, 0x00000006c7d00000, 0x000000076ab00000)
  object space 128000K, 18% used [0x00000006c0000000,0x00000006c174b868,0x00000006c7d00000)
 Metaspace       used 36987K, capacity 39374K, committed 39552K, reserved 1083392K
  class space    used 4945K, capacity 5475K, committed 5504K, reserved 1048576K
}
Event: 1161.382 GC heap before
{Heap before GC invocations=31 (full 10):
 PSYoungGen      total 322560K, used 214074K [0x000000076ab00000, 0x000000077f280000, 0x00000007c0000000)
  eden space 309760K, 69% used [0x000000076ab00000,0x0000000777c0e9b8,0x000000077d980000)
  from space 12800K, 0% used [0x000000077e600000,0x000000077e600000,0x000000077f280000)
  to   space 12800K, 0% used [0x000000077d980000,0x000000077d980000,0x000000077e600000)
 ParOldGen       total 128000K, used 23854K [0x00000006c0000000, 0x00000006c7d00000, 0x000000076ab00000)
  object space 128000K, 18% used [0x00000006c0000000,0x00000006c174b868,0x00000006c7d00000)
 Metaspace       used 37314K, capacity 39768K, committed 39936K, reserved 1083392K
  class space    used 4974K, capacity 5519K, committed 5632K, reserved 1048576K
Event: 1161.389 GC heap after
Heap after GC invocations=31 (full 10):
 PSYoungGen      total 316928K, used 6810K [0x000000076ab00000, 0x000000077f180000, 0x00000007c0000000)
  eden space 309760K, 0% used [0x000000076ab00000,0x000000076ab00000,0x000000077d980000)
  from space 7168K, 95% used [0x000000077d980000,0x000000077e026b48,0x000000077e080000)
  to   space 12288K, 0% used [0x000000077e580000,0x000000077e580000,0x000000077f180000)
 ParOldGen       total 128000K, used 23862K [0x00000006c0000000, 0x00000006c7d00000, 0x000000076ab00000)
  object space 128000K, 18% used [0x00000006c0000000,0x00000006c174d868,0x00000006c7d00000)
 Metaspace       used 37314K, capacity 39768K, committed 39936K, reserved 1083392K
  class space    used 4974K, capacity 5519K, committed 5632K, reserved 1048576K
}
Event: 1161.389 GC heap before
{Heap before GC invocations=32 (full 11):
 PSYoungGen      total 316928K, used 6810K [0x000000076ab00000, 0x000000077f180000, 0x00000007c0000000)
  eden space 309760K, 0% used [0x000000076ab00000,0x000000076ab00000,0x000000077d980000)
  from space 7168K, 95% used [0x000000077d980000,0x000000077e026b48,0x000000077e080000)
  to   space 12288K, 0% used [0x000000077e580000,0x000000077e580000,0x000000077f180000)
 ParOldGen       total 128000K, used 23862K [0x00000006c0000000, 0x00000006c7d00000, 0x000000076ab00000)
  object space 128000K, 18% used [0x00000006c0000000,0x00000006c174d868,0x00000006c7d00000)
 Metaspace       used 37314K, capacity 39768K, committed 39936K, reserved 1083392K
  class space    used 4974K, capacity 5519K, committed 5632K, reserved 1048576K
Event: 1161.472 GC heap after
Heap after GC invocations=32 (full 11):
 PSYoungGen      total 316928K, used 0K [0x000000076ab00000, 0x000000077f180000, 0x00000007c0000000)
  eden space 309760K, 0% used [0x000000076ab00000,0x000000076ab00000,0x000000077d980000)
  from space 7168K, 0% used [0x000000077d980000,0x000000077d980000,0x000000077e080000)
  to   space 12288K, 0% used [0x000000077e580000,0x000000077e580000,0x000000077f180000)
 ParOldGen       total 128000K, used 27240K [0x00000006c0000000, 0x00000006c7d00000, 0x000000076ab00000)
  object space 128000K, 21% used [0x00000006c0000000,0x00000006c1a9a028,0x00000006c7d00000)
 Metaspace       used 37311K, capacity 39762K, committed 39936K, reserved 1083392K
  class space    used 4973K, capacity 5517K, committed 5632K, reserved 1048576K
}

Deoptimization events (0 events):
No events

Internal exceptions (10 events):
Event: 1177.415 Thread 0x00007f99ea36e000 Exception <a 'java/lang/ArrayIndexOutOfBoundsException'> (0x0000000775dd5860) thrown at [/Users/java_re/workspace/8-2-build-macosx-x86_64/jdk8u121/8372/hotspot/src/share/vm/runtime/sharedRuntime.cpp, line 605]
Event: 1177.416 Thread 0x00007f99ea36e000 Exception <a 'java/lang/ArrayIndexOutOfBoundsException'> (0x0000000775dd86d0) thrown at [/Users/java_re/workspace/8-2-build-macosx-x86_64/jdk8u121/8372/hotspot/src/share/vm/runtime/sharedRuntime.cpp, line 605]
Event: 1177.416 Thread 0x00007f99ea36e000 Exception <a 'java/lang/ArrayIndexOutOfBoundsException'> (0x0000000775dda9a8) thrown at [/Users/java_re/workspace/8-2-build-macosx-x86_64/jdk8u121/8372/hotspot/src/share/vm/runtime/sharedRuntime.cpp, line 605]
Event: 1177.473 Thread 0x00007f99ea36e000 Exception <a 'java/lang/ArrayIndexOutOfBoundsException'> (0x00000007762214a8) thrown at [/Users/java_re/workspace/8-2-build-macosx-x86_64/jdk8u121/8372/hotspot/src/share/vm/runtime/sharedRuntime.cpp, line 605]
Event: 1177.499 Thread 0x00007f99ea36e000 Exception <a 'java/lang/ArrayIndexOutOfBoundsException'> (0x00000007766eda38) thrown at [/Users/java_re/workspace/8-2-build-macosx-x86_64/jdk8u121/8372/hotspot/src/share/vm/runtime/sharedRuntime.cpp, line 605]
Event: 1177.500 Thread 0x00007f99ea36e000 Exception <a 'java/lang/ArrayIndexOutOfBoundsException'> (0x00000007766ef748) thrown at [/Users/java_re/workspace/8-2-build-macosx-x86_64/jdk8u121/8372/hotspot/src/share/vm/runtime/sharedRuntime.cpp, line 605]
Event: 1177.500 Thread 0x00007f99ea36e000 Exception <a 'java/lang/ArrayIndexOutOfBoundsException'> (0x00000007766f0910) thrown at [/Users/java_re/workspace/8-2-build-macosx-x86_64/jdk8u121/8372/hotspot/src/share/vm/runtime/sharedRuntime.cpp, line 605]
Event: 1177.500 Thread 0x00007f99ea36e000 Exception <a 'java/lang/ArrayIndexOutOfBoundsException'> (0x00000007766f23e8) thrown at [/Users/java_re/workspace/8-2-build-macosx-x86_64/jdk8u121/8372/hotspot/src/share/vm/runtime/sharedRuntime.cpp, line 605]
Event: 1177.500 Thread 0x00007f99ea36e000 Exception <a 'java/lang/ArrayIndexOutOfBoundsException'> (0x00000007766f4050) thrown at [/Users/java_re/workspace/8-2-build-macosx-x86_64/jdk8u121/8372/hotspot/src/share/vm/runtime/sharedRuntime.cpp, line 605]
Event: 1177.500 Thread 0x00007f99ea36e000 Exception <a 'java/lang/ArrayIndexOutOfBoundsException'> (0x00000007766f5418) thrown at [/Users/java_re/workspace/8-2-build-macosx-x86_64/jdk8u121/8372/hotspot/src/share/vm/runtime/sharedRuntime.cpp, line 605]

Events (10 events):
Event: 1177.517 Executing VM operation: RevokeBias done
Event: 1177.517 Thread 0x00007f99ea9a8000 Thread exited: 0x00007f99ea9a8000
Event: 1187.072 Executing VM operation: RevokeBias
Event: 1187.072 Executing VM operation: RevokeBias done
Event: 1187.072 Thread 0x00007f99ed946800 Thread exited: 0x00007f99ed946800
Event: 1187.072 Thread 0x00007f99ed016800 Thread exited: 0x00007f99ed016800
Event: 1207.067 Executing VM operation: RevokeBias
Event: 1207.067 Executing VM operation: RevokeBias done
Event: 1207.068 Executing VM operation: RevokeBias
Event: 1207.068 Executing VM operation: RevokeBias done


Dynamic libraries:
0x0000000018474000 	/System/Library/Frameworks/Cocoa.framework/Versions/A/Cocoa
0x0000000018474000 	/System/Library/Frameworks/Security.framework/Versions/A/Security
0x0000000018474000 	/System/Library/Frameworks/ApplicationServices.framework/Versions/A/ApplicationServices
0x0000000018474000 	/usr/lib/libz.1.dylib
0x0000000018474000 	/usr/lib/libSystem.B.dylib
0x0000000018474000 	/usr/lib/libobjc.A.dylib
0x0000000018474000 	/System/Library/Frameworks/CoreFoundation.framework/Versions/A/CoreFoundation
0x0000000018474000 	/System/Library/Frameworks/Foundation.framework/Versions/C/Foundation
0x0000000018474000 	/System/Library/Frameworks/AppKit.framework/Versions/C/AppKit
0x0000000018474000 	/System/Library/Frameworks/CoreData.framework/Versions/A/CoreData
0x0000000018474000 	/System/Library/PrivateFrameworks/RemoteViewServices.framework/Versions/A/RemoteViewServices
0x0000000018474000 	/System/Library/PrivateFrameworks/UIFoundation.framework/Versions/A/UIFoundation
0x0000000018474000 	/System/Library/PrivateFrameworks/DFRFoundation.framework/Versions/A/DFRFoundation
0x0000000018474000 	/usr/lib/libenergytrace.dylib
0x0000000018474000 	/System/Library/PrivateFrameworks/SkyLight.framework/Versions/A/SkyLight
0x0000000018474000 	/System/Library/Frameworks/CoreGraphics.framework/Versions/A/CoreGraphics
0x0000000018474000 	/usr/lib/libScreenReader.dylib
0x0000000018474000 	/System/Library/Frameworks/Accelerate.framework/Versions/A/Accelerate
0x0000000018474000 	/System/Library/Frameworks/IOSurface.framework/Versions/A/IOSurface
0x0000000018474000 	/System/Library/Frameworks/AudioToolbox.framework/Versions/A/AudioToolbox
0x0000000018474000 	/System/Library/Frameworks/AudioUnit.framework/Versions/A/AudioUnit
0x0000000018474000 	/System/Library/PrivateFrameworks/DataDetectorsCore.framework/Versions/A/DataDetectorsCore
0x0000000018474000 	/System/Library/PrivateFrameworks/DesktopServicesPriv.framework/Versions/A/DesktopServicesPriv
0x0000000018474000 	/System/Library/Frameworks/Carbon.framework/Versions/A/Frameworks/HIToolbox.framework/Versions/A/HIToolbox
0x0000000018474000 	/usr/lib/libicucore.A.dylib
0x0000000018474000 	/System/Library/Frameworks/QuartzCore.framework/Versions/A/QuartzCore
0x0000000018474000 	/System/Library/Frameworks/Carbon.framework/Versions/A/Frameworks/SpeechRecognition.framework/Versions/A/SpeechRecognition
0x0000000018474000 	/usr/lib/libauto.dylib
0x0000000018474000 	/usr/lib/libxml2.2.dylib
0x0000000018474000 	/System/Library/PrivateFrameworks/CoreUI.framework/Versions/A/CoreUI
0x0000000018474000 	/System/Library/Frameworks/CoreAudio.framework/Versions/A/CoreAudio
0x0000000018474000 	/System/Library/Frameworks/DiskArbitration.framework/Versions/A/DiskArbitration
0x0000000018474000 	/usr/lib/liblangid.dylib
0x0000000018474000 	/System/Library/PrivateFrameworks/MultitouchSupport.framework/Versions/A/MultitouchSupport
0x0000000018474000 	/System/Library/Frameworks/IOKit.framework/Versions/A/IOKit
0x0000000018474000 	/usr/lib/libDiagnosticMessagesClient.dylib
0x0000000018474000 	/System/Library/Frameworks/CoreServices.framework/Versions/A/CoreServices
0x0000000018474000 	/System/Library/PrivateFrameworks/PerformanceAnalysis.framework/Versions/A/PerformanceAnalysis
0x0000000018474000 	/System/Library/PrivateFrameworks/GenerationalStorage.framework/Versions/A/GenerationalStorage
0x0000000018474000 	/System/Library/Frameworks/OpenGL.framework/Versions/A/OpenGL
0x0000000018474000 	/System/Library/Frameworks/CoreImage.framework/Versions/A/CoreImage
0x0000000018474000 	/System/Library/Frameworks/CoreText.framework/Versions/A/CoreText
0x0000000018474000 	/System/Library/Frameworks/ImageIO.framework/Versions/A/ImageIO
0x0000000018474000 	/System/Library/PrivateFrameworks/Backup.framework/Versions/A/Backup
0x0000000018474000 	/usr/lib/libarchive.2.dylib
0x0000000018474000 	/System/Library/Frameworks/CFNetwork.framework/Versions/A/CFNetwork
0x0000000018474000 	/System/Library/Frameworks/SystemConfiguration.framework/Versions/A/SystemConfiguration
0x0000000018474000 	/usr/lib/libCRFSuite.dylib
0x0000000018474000 	/usr/lib/libc++.1.dylib
0x0000000018474000 	/usr/lib/libc++abi.dylib
0x0000000018474000 	/usr/lib/system/libcache.dylib
0x0000000018474000 	/usr/lib/system/libcommonCrypto.dylib
0x0000000018474000 	/usr/lib/system/libcompiler_rt.dylib
0x0000000018474000 	/usr/lib/system/libcopyfile.dylib
0x0000000018474000 	/usr/lib/system/libcorecrypto.dylib
0x0000000018474000 	/usr/lib/system/libdispatch.dylib
0x0000000018474000 	/usr/lib/system/libdyld.dylib
0x0000000018474000 	/usr/lib/system/libkeymgr.dylib
0x0000000018474000 	/usr/lib/system/liblaunch.dylib
0x0000000018474000 	/usr/lib/system/libmacho.dylib
0x0000000018474000 	/usr/lib/system/libquarantine.dylib
0x0000000018474000 	/usr/lib/system/libremovefile.dylib
0x0000000018474000 	/usr/lib/system/libsystem_asl.dylib
0x0000000018474000 	/usr/lib/system/libsystem_blocks.dylib
0x0000000018474000 	/usr/lib/system/libsystem_c.dylib
0x0000000018474000 	/usr/lib/system/libsystem_configuration.dylib
0x0000000018474000 	/usr/lib/system/libsystem_coreservices.dylib
0x0000000018474000 	/usr/lib/system/libsystem_coretls.dylib
0x0000000018474000 	/usr/lib/system/libsystem_dnssd.dylib
0x0000000018474000 	/usr/lib/system/libsystem_info.dylib
0x0000000018474000 	/usr/lib/system/libsystem_kernel.dylib
0x0000000018474000 	/usr/lib/system/libsystem_m.dylib
0x0000000018474000 	/usr/lib/system/libsystem_malloc.dylib
0x0000000018474000 	/usr/lib/system/libsystem_network.dylib
0x0000000018474000 	/usr/lib/system/libsystem_networkextension.dylib
0x0000000018474000 	/usr/lib/system/libsystem_notify.dylib
0x0000000018474000 	/usr/lib/system/libsystem_platform.dylib
0x0000000018474000 	/usr/lib/system/libsystem_pthread.dylib
0x0000000018474000 	/usr/lib/system/libsystem_sandbox.dylib
0x0000000018474000 	/usr/lib/system/libsystem_secinit.dylib
0x0000000018474000 	/usr/lib/system/libsystem_symptoms.dylib
0x0000000018474000 	/usr/lib/system/libsystem_trace.dylib
0x0000000018474000 	/usr/lib/system/libunwind.dylib
0x0000000018474000 	/usr/lib/system/libxpc.dylib
0x0000000018474000 	/usr/lib/libbsm.0.dylib
0x0000000018474000 	/usr/lib/system/libkxld.dylib
0x0000000018474000 	/usr/lib/libcoretls.dylib
0x0000000018474000 	/usr/lib/libcoretls_cfhelpers.dylib
0x0000000018474000 	/usr/lib/libOpenScriptingUtil.dylib
0x0000000018474000 	/usr/lib/libpam.2.dylib
0x0000000018474000 	/usr/lib/libsqlite3.dylib
0x0000000018474000 	/usr/lib/libxar.1.dylib
0x0000000018474000 	/usr/lib/libbz2.1.0.dylib
0x0000000018474000 	/usr/lib/liblzma.5.dylib
0x0000000018474000 	/usr/lib/libnetwork.dylib
0x0000000018474000 	/usr/lib/libpcap.A.dylib
0x0000000018474000 	/System/Library/Frameworks/CoreServices.framework/Versions/A/Frameworks/FSEvents.framework/Versions/A/FSEvents
0x0000000018474000 	/System/Library/Frameworks/CoreServices.framework/Versions/A/Frameworks/CarbonCore.framework/Versions/A/CarbonCore
0x0000000018474000 	/System/Library/Frameworks/CoreServices.framework/Versions/A/Frameworks/Metadata.framework/Versions/A/Metadata
0x0000000018474000 	/System/Library/Frameworks/CoreServices.framework/Versions/A/Frameworks/OSServices.framework/Versions/A/OSServices
0x0000000018474000 	/System/Library/Frameworks/CoreServices.framework/Versions/A/Frameworks/SearchKit.framework/Versions/A/SearchKit
0x0000000018474000 	/System/Library/Frameworks/CoreServices.framework/Versions/A/Frameworks/AE.framework/Versions/A/AE
0x0000000018474000 	/System/Library/Frameworks/CoreServices.framework/Versions/A/Frameworks/LaunchServices.framework/Versions/A/LaunchServices
0x0000000018474000 	/System/Library/Frameworks/CoreServices.framework/Versions/A/Frameworks/DictionaryServices.framework/Versions/A/DictionaryServices
0x0000000018474000 	/System/Library/Frameworks/CoreServices.framework/Versions/A/Frameworks/SharedFileList.framework/Versions/A/SharedFileList
0x0000000018474000 	/System/Library/Frameworks/NetFS.framework/Versions/A/NetFS
0x0000000018474000 	/System/Library/PrivateFrameworks/NetAuth.framework/Versions/A/NetAuth
0x0000000018474000 	/System/Library/PrivateFrameworks/login.framework/Versions/A/Frameworks/loginsupport.framework/Versions/A/loginsupport
0x0000000018474000 	/System/Library/PrivateFrameworks/TCC.framework/Versions/A/TCC
0x0000000018474000 	/usr/lib/libmecabra.dylib
0x0000000018474000 	/System/Library/Frameworks/ApplicationServices.framework/Versions/A/Frameworks/ATS.framework/Versions/A/ATS
0x0000000018474000 	/System/Library/Frameworks/ApplicationServices.framework/Versions/A/Frameworks/ColorSync.framework/Versions/A/ColorSync
0x0000000018474000 	/System/Library/Frameworks/ApplicationServices.framework/Versions/A/Frameworks/HIServices.framework/Versions/A/HIServices
0x0000000018474000 	/System/Library/Frameworks/ApplicationServices.framework/Versions/A/Frameworks/LangAnalysis.framework/Versions/A/LangAnalysis
0x0000000018474000 	/System/Library/Frameworks/ApplicationServices.framework/Versions/A/Frameworks/PrintCore.framework/Versions/A/PrintCore
0x0000000018474000 	/System/Library/Frameworks/ApplicationServices.framework/Versions/A/Frameworks/QD.framework/Versions/A/QD
0x0000000018474000 	/System/Library/Frameworks/ApplicationServices.framework/Versions/A/Frameworks/SpeechSynthesis.framework/Versions/A/SpeechSynthesis
0x0000000018474000 	/System/Library/Frameworks/Accelerate.framework/Versions/A/Frameworks/vImage.framework/Versions/A/vImage
0x0000000018474000 	/System/Library/Frameworks/Accelerate.framework/Versions/A/Frameworks/vecLib.framework/Versions/A/vecLib
0x0000000018474000 	/System/Library/Frameworks/Accelerate.framework/Versions/A/Frameworks/vecLib.framework/Versions/A/libvDSP.dylib
0x0000000018474000 	/System/Library/Frameworks/Accelerate.framework/Versions/A/Frameworks/vecLib.framework/Versions/A/libBNNS.dylib
0x0000000018474000 	/System/Library/Frameworks/Accelerate.framework/Versions/A/Frameworks/vecLib.framework/Versions/A/libQuadrature.dylib
0x0000000018474000 	/System/Library/Frameworks/Accelerate.framework/Versions/A/Frameworks/vecLib.framework/Versions/A/libvMisc.dylib
0x0000000018474000 	/System/Library/Frameworks/Accelerate.framework/Versions/A/Frameworks/vecLib.framework/Versions/A/libLAPACK.dylib
0x0000000018474000 	/System/Library/Frameworks/Accelerate.framework/Versions/A/Frameworks/vecLib.framework/Versions/A/libBLAS.dylib
0x0000000018474000 	/System/Library/Frameworks/Accelerate.framework/Versions/A/Frameworks/vecLib.framework/Versions/A/libLinearAlgebra.dylib
0x0000000018474000 	/System/Library/Frameworks/Accelerate.framework/Versions/A/Frameworks/vecLib.framework/Versions/A/libSparseBLAS.dylib
0x0000000018474000 	/System/Library/Frameworks/ApplicationServices.framework/Versions/A/Frameworks/ATS.framework/Versions/A/Resources/libFontParser.dylib
0x0000000018474000 	/System/Library/Frameworks/ApplicationServices.framework/Versions/A/Frameworks/ATS.framework/Versions/A/Resources/libFontRegistry.dylib
0x0000000018474000 	/System/Library/Frameworks/ImageIO.framework/Versions/A/Resources/libJPEG.dylib
0x0000000018474000 	/System/Library/Frameworks/ImageIO.framework/Versions/A/Resources/libTIFF.dylib
0x0000000018474000 	/System/Library/Frameworks/ImageIO.framework/Versions/A/Resources/libPng.dylib
0x0000000018474000 	/System/Library/Frameworks/ImageIO.framework/Versions/A/Resources/libGIF.dylib
0x0000000018474000 	/System/Library/Frameworks/ImageIO.framework/Versions/A/Resources/libJP2.dylib
0x0000000018474000 	/System/Library/Frameworks/ImageIO.framework/Versions/A/Resources/libRadiance.dylib
0x0000000018474000 	/usr/lib/libcompression.dylib
0x0000000018474000 	/System/Library/PrivateFrameworks/AppleJPEG.framework/Versions/A/AppleJPEG
0x0000000018474000 	/usr/lib/libcups.2.dylib
0x0000000018474000 	/System/Library/Frameworks/Kerberos.framework/Versions/A/Kerberos
0x0000000018474000 	/System/Library/Frameworks/GSS.framework/Versions/A/GSS
0x0000000018474000 	/usr/lib/libresolv.9.dylib
0x0000000018474000 	/usr/lib/libiconv.2.dylib
0x0000000018474000 	/System/Library/PrivateFrameworks/Heimdal.framework/Versions/A/Heimdal
0x0000000018474000 	/usr/lib/libheimdal-asn1.dylib
0x0000000018474000 	/System/Library/Frameworks/OpenDirectory.framework/Versions/A/OpenDirectory
0x0000000018474000 	/System/Library/PrivateFrameworks/CommonAuth.framework/Versions/A/CommonAuth
0x0000000018474000 	/System/Library/Frameworks/OpenDirectory.framework/Versions/A/Frameworks/CFOpenDirectory.framework/Versions/A/CFOpenDirectory
0x0000000018474000 	/System/Library/Frameworks/SecurityFoundation.framework/Versions/A/SecurityFoundation
0x0000000018474000 	/System/Library/PrivateFrameworks/LanguageModeling.framework/Versions/A/LanguageModeling
0x0000000018474000 	/usr/lib/libmarisa.dylib
0x0000000018474000 	/usr/lib/libChineseTokenizer.dylib
0x0000000018474000 	/usr/lib/libcmph.dylib
0x0000000018474000 	/System/Library/PrivateFrameworks/CoreEmoji.framework/Versions/A/CoreEmoji
0x0000000018474000 	/System/Library/Frameworks/ServiceManagement.framework/Versions/A/ServiceManagement
0x0000000018474000 	/usr/lib/libxslt.1.dylib
0x0000000018474000 	/System/Library/Frameworks/Carbon.framework/Versions/A/Frameworks/Ink.framework/Versions/A/Ink
0x0000000018474000 	/System/Library/PrivateFrameworks/TextureIO.framework/Versions/A/TextureIO
0x0000000018474000 	/System/Library/Frameworks/Metal.framework/Versions/A/Metal
0x0000000018474000 	/usr/lib/libate.dylib
0x0000000018474000 	/System/Library/PrivateFrameworks/GPUCompiler.framework/libmetal_timestamp.dylib
0x0000000018474000 	/System/Library/Frameworks/OpenGL.framework/Versions/A/Libraries/libCoreFSCache.dylib
0x0000000018474000 	/System/Library/PrivateFrameworks/IOAccelerator.framework/Versions/A/IOAccelerator
0x0000000018474000 	/System/Library/Frameworks/CoreVideo.framework/Versions/A/CoreVideo
0x0000000018474000 	/usr/lib/libFosl_dynamic.dylib
0x0000000018474000 	/System/Library/PrivateFrameworks/MetalPerformanceShaders.framework/Versions/A/MetalPerformanceShaders
0x0000000018474000 	/System/Library/PrivateFrameworks/FaceCore.framework/Versions/A/FaceCore
0x0000000018474000 	/System/Library/Frameworks/OpenCL.framework/Versions/A/OpenCL
0x0000000018474000 	/System/Library/Frameworks/OpenGL.framework/Versions/A/Libraries/libGLU.dylib
0x0000000018474000 	/System/Library/Frameworks/OpenGL.framework/Versions/A/Libraries/libGFXShared.dylib
0x0000000018474000 	/System/Library/Frameworks/OpenGL.framework/Versions/A/Libraries/libGL.dylib
0x0000000018474000 	/System/Library/Frameworks/OpenGL.framework/Versions/A/Libraries/libGLImage.dylib
0x0000000018474000 	/System/Library/Frameworks/OpenGL.framework/Versions/A/Libraries/libCVMSPluginSupport.dylib
0x0000000018474000 	/System/Library/Frameworks/OpenGL.framework/Versions/A/Libraries/libCoreVMClient.dylib
0x0000000018474000 	/System/Library/PrivateFrameworks/CrashReporterSupport.framework/Versions/A/CrashReporterSupport
0x0000000018474000 	/System/Library/PrivateFrameworks/Sharing.framework/Versions/A/Sharing
0x0000000018474000 	/System/Library/PrivateFrameworks/IconServices.framework/Versions/A/IconServices
0x0000000018474000 	/System/Library/PrivateFrameworks/ProtocolBuffer.framework/Versions/A/ProtocolBuffer
0x0000000018474000 	/System/Library/PrivateFrameworks/Apple80211.framework/Versions/A/Apple80211
0x0000000018474000 	/System/Library/Frameworks/CoreWLAN.framework/Versions/A/CoreWLAN
0x0000000018474000 	/System/Library/PrivateFrameworks/CoreUtils.framework/Versions/A/CoreUtils
0x0000000018474000 	/System/Library/Frameworks/IOBluetooth.framework/Versions/A/IOBluetooth
0x0000000018474000 	/System/Library/PrivateFrameworks/CoreWiFi.framework/Versions/A/CoreWiFi
0x0000000018474000 	/System/Library/Frameworks/CoreBluetooth.framework/Versions/A/CoreBluetooth
0x0000000018474000 	/System/Library/Frameworks/CoreDisplay.framework/Versions/A/CoreDisplay
0x0000000018474000 	/System/Library/PrivateFrameworks/IOPresentment.framework/Versions/A/IOPresentment
0x0000000018474000 	/System/Library/PrivateFrameworks/DSExternalDisplay.framework/Versions/A/DSExternalDisplay
0x0000000018474000 	/System/Library/PrivateFrameworks/DebugSymbols.framework/Versions/A/DebugSymbols
0x0000000018474000 	/System/Library/PrivateFrameworks/CoreSymbolication.framework/Versions/A/CoreSymbolication
0x0000000018474000 	/System/Library/PrivateFrameworks/Symbolication.framework/Versions/A/Symbolication
0x0000000018474000 	/System/Library/PrivateFrameworks/AppleFSCompression.framework/Versions/A/AppleFSCompression
0x0000000018474000 	/System/Library/PrivateFrameworks/SpeechRecognitionCore.framework/Versions/A/SpeechRecognitionCore
0x0000000018474000 	/System/Library/PrivateFrameworks/ChunkingLibrary.framework/Versions/A/ChunkingLibrary
0x000000010f400000 	/Library/Java/JavaVirtualMachines/jdk1.8.0_121.jdk/Contents/Home/jre/lib/server/libjvm.dylib
0x0000000018474000 	/usr/lib/libstdc++.6.dylib
0x00000001103a2000 	/Library/Java/JavaVirtualMachines/jdk1.8.0_121.jdk/Contents/Home/jre/lib/libverify.dylib
0x00000001103b0000 	/Library/Java/JavaVirtualMachines/jdk1.8.0_121.jdk/Contents/Home/jre/lib/libjava.dylib
0x00000001103e5000 	/Library/Java/JavaVirtualMachines/jdk1.8.0_121.jdk/Contents/Home/jre/lib/libjdwp.dylib
0x0000000110430000 	/Library/Java/JavaVirtualMachines/jdk1.8.0_121.jdk/Contents/Home/jre/lib/libnpt.dylib
0x000000011043c000 	/Library/Java/JavaVirtualMachines/jdk1.8.0_121.jdk/Contents/Home/jre/lib/libzip.dylib
0x0000000110c44000 	/System/Library/Frameworks/JavaVM.framework/Frameworks/JavaRuntimeSupport.framework/JavaRuntimeSupport
0x000000012b5a2000 	/System/Library/Frameworks/JavaVM.framework/Versions/A/Frameworks/JavaNativeFoundation.framework/Versions/A/JavaNativeFoundation
0x000000012b5b7000 	/System/Library/Frameworks/JavaVM.framework/Versions/A/JavaVM
0x0000000018474000 	/System/Library/Frameworks/Carbon.framework/Versions/A/Carbon
0x000000012b5c4000 	/System/Library/PrivateFrameworks/JavaLaunching.framework/Versions/A/JavaLaunching
0x0000000018474000 	/System/Library/Frameworks/Carbon.framework/Versions/A/Frameworks/CommonPanels.framework/Versions/A/CommonPanels
0x0000000018474000 	/System/Library/Frameworks/Carbon.framework/Versions/A/Frameworks/Help.framework/Versions/A/Help
0x0000000018474000 	/System/Library/Frameworks/Carbon.framework/Versions/A/Frameworks/ImageCapture.framework/Versions/A/ImageCapture
0x0000000018474000 	/System/Library/Frameworks/Carbon.framework/Versions/A/Frameworks/OpenScripting.framework/Versions/A/OpenScripting
0x0000000018474000 	/System/Library/Frameworks/Carbon.framework/Versions/A/Frameworks/Print.framework/Versions/A/Print
0x0000000018474000 	/System/Library/Frameworks/Carbon.framework/Versions/A/Frameworks/SecurityHI.framework/Versions/A/SecurityHI
0x000000012ced6000 	/Library/Java/JavaVirtualMachines/jdk1.8.0_121.jdk/Contents/Home/jre/lib/libdt_socket.dylib
0x000000012cedd000 	/Library/Java/JavaVirtualMachines/jdk1.8.0_121.jdk/Contents/Home/jre/lib/libmanagement.dylib
0x000000012ceeb000 	/Library/Java/JavaVirtualMachines/jdk1.8.0_121.jdk/Contents/Home/jre/lib/libnet.dylib
0x000000012cf4a000 	/Library/Java/JavaVirtualMachines/jdk1.8.0_121.jdk/Contents/Home/jre/lib/libnio.dylib

VM Arguments:
jvm_args: -agentlib:jdwp=transport=dt_socket,suspend=y,address=localhost:59570 -Dcom.sun.management.jmxremote -Dcom.sun.management.jmxremote.port=59569 -Dcom.sun.management.jmxremote.authenticate=false -Dcom.sun.management.jmxremote.ssl=false -Djava.rmi.server.hostname=localhost -Dspring.liveBeansView.mbeanDomain -Dspring.application.admin.enabled=true -Djava.security.egd=file:/dev/./urandom -Xverify:none -XX:TieredStopAtLevel=1 -Dfile.encoding=UTF-8 
java_command: at.ac.uibk.EventApiApplication
java_class_path (initial): /Library/Java/JavaVirtualMachines/jdk1.8.0_121.jdk/Contents/Home/jre/lib/resources.jar:/Library/Java/JavaVirtualMachines/jdk1.8.0_121.jdk/Contents/Home/jre/lib/rt.jar:/Library/Java/JavaVirtualMachines/jdk1.8.0_121.jdk/Contents/Home/jre/lib/jsse.jar:/Library/Java/JavaVirtualMachines/jdk1.8.0_121.jdk/Contents/Home/jre/lib/jce.jar:/Library/Java/JavaVirtualMachines/jdk1.8.0_121.jdk/Contents/Home/jre/lib/charsets.jar:/Library/Java/JavaVirtualMachines/jdk1.8.0_121.jdk/Contents/Home/jre/lib/jfr.jar:/Library/Java/JavaVirtualMachines/jdk1.8.0_121.jdk/Contents/Home/jre/lib/ext/cldrdata.jar:/Library/Java/JavaVirtualMachines/jdk1.8.0_121.jdk/Contents/Home/jre/lib/ext/dnsns.jar:/Library/Java/JavaVirtualMachines/jdk1.8.0_121.jdk/Contents/Home/jre/lib/ext/jaccess.jar:/Library/Java/JavaVirtualMachines/jdk1.8.0_121.jdk/Contents/Home/jre/lib/ext/jfxrt.jar:/Library/Java/JavaVirtualMachines/jdk1.8.0_121.jdk/Contents/Home/jre/lib/ext/localedata.jar:/Library/Java/JavaVirtualMachines/jdk1.8.0_121.jdk/Contents/Home/jre/lib/ext/nashorn.jar:/Library/Java/JavaVirtualMachines/jdk1.8.0_121.jdk/Contents/Home/jre/lib/ext/sunec.jar:/Library/Java/JavaVirtualMachines/jdk1.8.0_121.jdk/Contents/Home/jre/lib/ext/sunjce_provider.jar:/Library/Java/JavaVirtualMachines/jdk1.8.0_121.jdk/Contents/Home/jre/lib/ext/sunpkcs11.jar:/Library/Java/JavaVirtualMachines/jdk1.8.0_121.jdk/Contents/Home/jre/lib/ext/zipfs.jar:/System/Library/Java/Extensions/MRJToolkit.jar:/Users/chris/Documents/University/EventAPI/bin/main:/Users/chris/Documents/University/EventAPI/bin/test:/EventAPI/bin/default:/Users/chris/.gradle/caches/modules-2/files-2.1/io.springfox/springfox-swagger2/2.9.0/21bbb4e2f8d0bf411587c8f317c69d6bbda3ffef/springfox-swagger2-2.9.0.jar:/Users/chris/.gradle/caches/modules-2/files-2.1/io.springfox/springfox-swagger-ui/2.9.0/10b2294c588f1dd393e8713aeff84c61a3575527/springfox-swagger-ui-2.9.0.jar:/Users/chris/.gradle/caches/modules-2/files-2.1/com.googlecode.json-simple/json-simple/1.
Launcher Type: SUN_STANDARD

Environment Variables:
PATH=/usr/bin:/bin:/usr/sbin:/sbin
SHELL=/bin/bash

Signal Handlers:
SIGSEGV: [libjvm.dylib+0x5b1141], sa_mask[0]=11111111011111110111111111111111, sa_flags=SA_ONSTACK|SA_RESTART|SA_SIGINFO
SIGBUS: [libjvm.dylib+0x5b1141], sa_mask[0]=11111111011111110111111111111111, sa_flags=SA_RESTART|SA_SIGINFO
SIGFPE: [libjvm.dylib+0x487bc4], sa_mask[0]=11111111011111110111111111111111, sa_flags=SA_RESTART|SA_SIGINFO
SIGPIPE: [libjvm.dylib+0x487bc4], sa_mask[0]=11111111011111110111111111111111, sa_flags=SA_RESTART|SA_SIGINFO
SIGXFSZ: [libjvm.dylib+0x487bc4], sa_mask[0]=11111111011111110111111111111111, sa_flags=SA_RESTART|SA_SIGINFO
SIGILL: [libjvm.dylib+0x487bc4], sa_mask[0]=11111111011111110111111111111111, sa_flags=SA_RESTART|SA_SIGINFO
SIGUSR1: SIG_DFL, sa_mask[0]=00000000000000000000000000000000, sa_flags=none
SIGUSR2: [libjvm.dylib+0x4876e2], sa_mask[0]=00100000000000000000000000000000, sa_flags=SA_RESTART|SA_SIGINFO
SIGHUP: [libjvm.dylib+0x485cb9], sa_mask[0]=11111111011111110111111111111111, sa_flags=SA_RESTART|SA_SIGINFO
SIGINT: [libjvm.dylib+0x485cb9], sa_mask[0]=11111111011111110111111111111111, sa_flags=SA_RESTART|SA_SIGINFO
SIGTERM: [libjvm.dylib+0x485cb9], sa_mask[0]=11111111011111110111111111111111, sa_flags=SA_RESTART|SA_SIGINFO
SIGQUIT: [libjvm.dylib+0x485cb9], sa_mask[0]=11111111011111110111111111111111, sa_flags=SA_RESTART|SA_SIGINFO


---------------  S Y S T E M  ---------------

OS:Bsduname:Darwin 16.7.0 Darwin Kernel Version 16.7.0: Tue Jan 30 11:27:06 PST 2018; root:xnu-3789.73.11~1/RELEASE_X86_64 x86_64
rlimit: STACK 8192k, CORE 0k, NPROC 709, NOFILE 10240, AS infinity
load average:2.16 2.29 2.50

CPU:total 8 (4 cores per cpu, 2 threads per core) family 6 model 70 stepping 1, cmov, cx8, fxsr, mmx, sse, sse2, sse3, ssse3, sse4.1, sse4.2, popcnt, avx, avx2, aes, clmul, erms, lzcnt, ht, tsc, tscinvbit, bmi1, bmi2

Memory: 4k page, physical 16777216k(606408k free)

/proc/meminfo:


vm_info: Java HotSpot(TM) 64-Bit Server VM (25.121-b13) for bsd-amd64 JRE (1.8.0_121-b13), built on Dec 12 2016 20:39:32 by "java_re" with gcc 4.2.1 (Based on Apple Inc. build 5658) (LLVM build 2336.11.00)

time: Thu May 24 03:32:36 2018
elapsed time: 1217 seconds (0d 0h 20m 17s)

